# JRE version: OpenJDK Runtime Environment (11.0.13) (build 11.0.13+0-b1751.21-8125866)
# Java VM: OpenJDK 64-Bit Server VM (11.0.13+0-b1751.21-8125866, mixed mode, tiered, compressed oops, g1 gc, windows-amd64)
Heap:
 garbage-first heap   total 196608K, used 71628K [0x0000000080000000, 0x0000000100000000)
  region size 1024K, 11 young (11264K), 11 survivors (11264K)
 Metaspace       used 79667K, capacity 81378K, committed 81524K, reserved 1134592K
  class space    used 10204K, capacity 10899K, committed 11008K, reserved 1048576K
GC Heap History (18 events):
Event: 1.079 GC heap before
{Heap before GC invocations=0 (full 0):
 garbage-first heap   total 196608K, used 29696K [0x0000000080000000, 0x0000000100000000)
  region size 1024K, 24 young (24576K), 0 survivors (0K)
 Metaspace       used 9792K, capacity 9952K, committed 10112K, reserved 1058816K
  class space    used 1006K, capacity 1069K, committed 1152K, reserved 1048576K
}
Event: 1.084 GC heap after
{Heap after GC invocations=1 (full 0):
 garbage-first heap   total 196608K, used 9232K [0x0000000080000000, 0x0000000100000000)
  region size 1024K, 3 young (3072K), 3 survivors (3072K)
 Metaspace       used 9792K, capacity 9952K, committed 10112K, reserved 1058816K
  class space    used 1006K, capacity 1069K, committed 1152K, reserved 1048576K
}
Event: 3.771 GC heap before
{Heap before GC invocations=1 (full 0):
 garbage-first heap   total 196608K, used 113680K [0x0000000080000000, 0x0000000100000000)
  region size 1024K, 105 young (107520K), 3 survivors (3072K)
 Metaspace       used 20786K, capacity 21185K, committed 21296K, reserved 1069056K
  class space    used 2526K, capacity 2688K, committed 2688K, reserved 1048576K
}
Event: 3.782 GC heap after
{Heap after GC invocations=2 (full 0):
 garbage-first heap   total 196608K, used 17473K [0x0000000080000000, 0x0000000100000000)
  region size 1024K, 12 young (12288K), 12 survivors (12288K)
 Metaspace       used 20786K, capacity 21185K, committed 21296K, reserved 1069056K
  class space    used 2526K, capacity 2688K, committed 2688K, reserved 1048576K
}
Event: 4.546 GC heap before
{Heap before GC invocations=3 (full 0):
 garbage-first heap   total 196608K, used 65601K [0x0000000080000000, 0x0000000100000000)
  region size 1024K, 59 young (60416K), 12 survivors (12288K)
 Metaspace       used 25671K, capacity 26229K, committed 26368K, reserved 1073152K
  class space    used 3318K, capacity 3521K, committed 3584K, reserved 1048576K
}
Event: 4.554 GC heap after
{Heap after GC invocations=4 (full 0):
 garbage-first heap   total 196608K, used 19779K [0x0000000080000000, 0x0000000100000000)
  region size 1024K, 3 young (3072K), 3 survivors (3072K)
 Metaspace       used 25671K, capacity 26229K, committed 26368K, reserved 1073152K
  class space    used 3318K, capacity 3521K, committed 3584K, reserved 1048576K
}
Event: 5.720 GC heap before
{Heap before GC invocations=4 (full 0):
 garbage-first heap   total 196608K, used 86339K [0x0000000080000000, 0x0000000100000000)
  region size 1024K, 69 young (70656K), 3 survivors (3072K)
 Metaspace       used 35174K, capacity 35942K, committed 36048K, reserved 1081344K
  class space    used 4520K, capacity 4808K, committed 4864K, reserved 1048576K
}
Event: 5.726 GC heap after
{Heap after GC invocations=5 (full 0):
 garbage-first heap   total 196608K, used 22883K [0x0000000080000000, 0x0000000100000000)
  region size 1024K, 6 young (6144K), 6 survivors (6144K)
 Metaspace       used 35174K, capacity 35942K, committed 36048K, reserved 1081344K
  class space    used 4520K, capacity 4808K, committed 4864K, reserved 1048576K
}
Event: 7.376 GC heap before
{Heap before GC invocations=6 (full 0):
 garbage-first heap   total 196608K, used 137571K [0x0000000080000000, 0x0000000100000000)
  region size 1024K, 115 young (117760K), 6 survivors (6144K)
 Metaspace       used 44450K, capacity 45578K, committed 45776K, reserved 1089536K
  class space    used 5606K, capacity 6023K, committed 6144K, reserved 1048576K
}
Event: 7.389 GC heap after
{Heap after GC invocations=7 (full 0):
 garbage-first heap   total 196608K, used 29931K [0x0000000080000000, 0x0000000100000000)
  region size 1024K, 13 young (13312K), 13 survivors (13312K)
 Metaspace       used 44450K, capacity 45578K, committed 45776K, reserved 1089536K
  class space    used 5606K, capacity 6023K, committed 6144K, reserved 1048576K
}
Event: 10.487 GC heap before
{Heap before GC invocations=7 (full 0):
 garbage-first heap   total 196608K, used 141547K [0x0000000080000000, 0x0000000100000000)
  region size 1024K, 115 young (117760K), 13 survivors (13312K)
 Metaspace       used 48858K, capacity 50261K, committed 50512K, reserved 1093632K
  class space    used 6179K, capacity 6693K, committed 6784K, reserved 1048576K
}
Event: 10.500 GC heap after
{Heap after GC invocations=8 (full 0):
 garbage-first heap   total 196608K, used 47674K [0x0000000080000000, 0x0000000100000000)
  region size 1024K, 15 young (15360K), 15 survivors (15360K)
 Metaspace       used 48858K, capacity 50261K, committed 50512K, reserved 1093632K
  class space    used 6179K, capacity 6693K, committed 6784K, reserved 1048576K
}
Event: 15.656 GC heap before
{Heap before GC invocations=8 (full 0):
 garbage-first heap   total 196608K, used 133690K [0x0000000080000000, 0x0000000100000000)
  region size 1024K, 98 young (100352K), 15 survivors (15360K)
 Metaspace       used 58884K, capacity 60431K, committed 60508K, reserved 1101824K
  class space    used 7391K, capacity 7991K, committed 8064K, reserved 1048576K
}
Event: 15.680 GC heap after
{Heap after GC invocations=9 (full 0):
 garbage-first heap   total 196608K, used 55089K [0x0000000080000000, 0x0000000100000000)
  region size 1024K, 6 young (6144K), 6 survivors (6144K)
 Metaspace       used 58884K, capacity 60431K, committed 60508K, reserved 1101824K
  class space    used 7391K, capacity 7991K, committed 8064K, reserved 1048576K
}
Event: 17.775 GC heap before
{Heap before GC invocations=10 (full 0):
 garbage-first heap   total 196608K, used 153393K [0x0000000080000000, 0x0000000100000000)
  region size 1024K, 95 young (97280K), 6 survivors (6144K)
 Metaspace       used 67015K, capacity 68589K, committed 68852K, reserved 1110016K
  class space    used 8410K, capacity 9033K, committed 9088K, reserved 1048576K
}
Event: 17.785 GC heap after
{Heap after GC invocations=11 (full 0):
 garbage-first heap   total 196608K, used 61372K [0x0000000080000000, 0x0000000100000000)
  region size 1024K, 12 young (12288K), 12 survivors (12288K)
 Metaspace       used 67015K, capacity 68589K, committed 68852K, reserved 1110016K
  class space    used 8410K, capacity 9033K, committed 9088K, reserved 1048576K
}
Event: 20.404 GC heap before
{Heap before GC invocations=12 (full 0):
 garbage-first heap   total 196608K, used 149436K [0x0000000080000000, 0x0000000100000000)
  region size 1024K, 98 young (100352K), 12 survivors (12288K)
 Metaspace       used 71379K, capacity 73047K, committed 73332K, reserved 1114112K
  class space    used 8938K, capacity 9596K, committed 9728K, reserved 1048576K
}
Event: 20.415 GC heap after
{Heap after GC invocations=13 (full 0):
 garbage-first heap   total 196608K, used 67514K [0x0000000080000000, 0x0000000100000000)
  region size 1024K, 7 young (7168K), 7 survivors (7168K)
 Metaspace       used 71379K, capacity 73047K, committed 73332K, reserved 1114112K
  class space    used 8938K, capacity 9596K, committed 9728K, reserved 1048576K
}

